Peter Mark 1
Mike Allison 2
Samantha Jones 3
Kelly Alicia 4
Kenneth Lawrence 5
Melanie Timothy 6
Shawn James 7
Matthew Amber 8
Nicholas Jesus 9
Stephanie Tara 10
Lopez Carol 11
Valerie Lindsey 12
Shannon Jeffrey 13
Marcus Samantha 14
Janet Brent 15
Kyle Lisa 16
Abigail Joel 17
Kathy Brian 18
Nicole Leah 19
Wendy Jessica 20
Michael Stephanie 21
Jennifer John 22
Charles Andrea 23
Rhonda Jonathan 24
Danielle Melissa 25
Laurie Gary 26
Gill Robert 27
Kenneth Megan 28
Katherine Eric 29
Richard Matthew 30
Michael Alyssa 31
Stephanie Samuel 32
Destiny Victor 33
Catherine Angela 34
Sharon Eric 35
Brian Michael 36
Megan Jeremy 37
Diamond Malik 38
Jeffrey Glenn 39
David Gregg 41
Jordan Joshua 42
Shannon Michelle 43
John Lisa 44
Rebekah Nichole 45
Michael Sara 46
Jill Kelly 47
Tanya Stacey 48
Gene Jamie 49
Jessica Jeffrey 50
Laura Baker 51
Brandi David 53
Sara Zachary 54
Rebecca Emily 55
Natalie Matthew 56
Douglas Phillip 57
Jared Thomas 58
Jennifer Teresa 59
George Thomas 60
Sherry Michelle 61
Daniel Jose 62
Breanna Patrick 63
Francisco Christopher 64
Thomas Smith 65
Kayla Kirsten 66
Sherry Samantha 68
Sean Kevin 70
Kimberly Emily 71
Kevin Jonathan 72
Stanley Heather 73
Ashley Jessica 74
Isaiah James 75
Michael Jay 76
Elizabeth Stacey 77
Joseph John 78
Hannah Susan 79
Heather Melinda 80
Brian Dorothy 82
Joshua Joseph 83
Christina Angela 84
Nicholas Michael 85
Robert Cynthia 86
Jacob Jessica 87
Christopher Rebecca 88
Justin Elaine 91
Brandon Heidi 92
Bob Angela 93
Samantha Courtney 95
Claudia John 96
Heidi Lauren 97
Melissa Douglas 98
Robin Jonathan 99
Ana Marissa 100
Alejandro Warren 101
Steven Natalie 102
Christina David 103
Melissa Benjamin 104
Donna Jennifer 107
Adam Linda 108
Angela Sandra 110
Todd Monica 111
